<?xml version="1.0" encoding="UTF-8"?>
<testng-results skipped="0" failed="0" ignored="0" total="1" passed="1">
  <reporter-output>
  </reporter-output>
  <suite name="Suite" duration-ms="4478" started-at="2023-02-14T16:07:33Z" finished-at="2023-02-14T16:07:38Z">
    <groups>
    </groups>
    <test name="Test" duration-ms="4478" started-at="2023-02-14T16:07:33Z" finished-at="2023-02-14T16:07:38Z">
      <class name="TestCases.TC_BaseClass">
        <test-method status="PASS" signature="myMethod()[pri:0, instance:TestCases.TC_BaseClass@5a8e6209]" name="myMethod" duration-ms="4452" started-at="2023-02-14T16:07:33Z" finished-at="2023-02-14T16:07:38Z">
          <reporter-output>
          </reporter-output>
        </test-method> <!-- myMethod -->
      </class> <!-- TestCases.TC_BaseClass -->
    </test> <!-- Test -->
  </suite> <!-- Suite -->
</testng-results>
